[2021-07-03 16:28:38] -- [INFO ]: [com.athensoft.prototype.PrototypeRestfulApiApplication] -- Starting PrototypeRestfulApiApplication using Java 11.0.5 on Marie-laptop.local with PID 24441 (/Users/yiyuanshang/study/prototype_restful_api/target/classes started by yiyuanshang in /Users/yiyuanshang/study/prototype_restful_api)
[2021-07-03 16:28:38] -- [INFO ]: [com.athensoft.prototype.PrototypeRestfulApiApplication] -- No active profile set, falling back to default profiles: default
[2021-07-03 16:28:55] -- [INFO ]: [com.athensoft.prototype.PrototypeRestfulApiApplication] -- Starting PrototypeRestfulApiApplication using Java 11.0.5 on Marie-laptop.local with PID 24445 (/Users/yiyuanshang/study/prototype_restful_api/target/classes started by yiyuanshang in /Users/yiyuanshang/study/prototype_restful_api)
[2021-07-03 16:28:55] -- [INFO ]: [com.athensoft.prototype.PrototypeRestfulApiApplication] -- No active profile set, falling back to default profiles: default
[2021-07-03 16:28:59] -- [INFO ]: [com.athensoft.prototype.PrototypeRestfulApiApplication] -- Started PrototypeRestfulApiApplication in 3.84 seconds (JVM running for 4.608)
[2021-07-03 16:31:44] -- [INFO ]: [com.athensoft.prototype.PrototypeRestfulApiApplication] -- Starting PrototypeRestfulApiApplication using Java 11.0.5 on Marie-laptop.local with PID 24498 (/Users/yiyuanshang/study/prototype_restful_api/target/classes started by yiyuanshang in /Users/yiyuanshang/study/prototype_restful_api)
[2021-07-03 16:31:44] -- [INFO ]: [com.athensoft.prototype.PrototypeRestfulApiApplication] -- No active profile set, falling back to default profiles: default
[2021-07-03 16:31:48] -- [INFO ]: [com.athensoft.prototype.PrototypeRestfulApiApplication] -- Started PrototypeRestfulApiApplication in 4.614 seconds (JVM running for 5.715)
[2021-07-03 17:41:38] -- [INFO ]: [com.athensoft.prototype.PrototypeRestfulApiApplication] -- Starting PrototypeRestfulApiApplication using Java 11.0.5 on Marie-laptop.local with PID 25770 (/Users/yiyuanshang/study/prototype_restful_api/target/classes started by yiyuanshang in /Users/yiyuanshang/study/prototype_restful_api)
[2021-07-03 17:41:38] -- [INFO ]: [com.athensoft.prototype.PrototypeRestfulApiApplication] -- No active profile set, falling back to default profiles: default
[2021-07-03 17:41:43] -- [INFO ]: [com.athensoft.prototype.PrototypeRestfulApiApplication] -- Started PrototypeRestfulApiApplication in 5.428 seconds (JVM running for 6.653)
[2021-07-03 18:16:31] -- [INFO ]: [com.athensoft.prototype.PrototypeRestfulApiApplication] -- Starting PrototypeRestfulApiApplication using Java 11.0.5 on Marie-laptop.local with PID 26210 (/Users/yiyuanshang/study/prototype_restful_api/target/classes started by yiyuanshang in /Users/yiyuanshang/study/prototype_restful_api)
[2021-07-03 18:16:31] -- [INFO ]: [com.athensoft.prototype.PrototypeRestfulApiApplication] -- No active profile set, falling back to default profiles: default
[2021-07-03 18:16:35] -- [INFO ]: [com.athensoft.prototype.PrototypeRestfulApiApplication] -- Started PrototypeRestfulApiApplication in 4.578 seconds (JVM running for 5.551)
[2021-07-03 18:31:06] -- [INFO ]: [com.athensoft.prototype.PrototypeRestfulApiApplication] -- Starting PrototypeRestfulApiApplication using Java 11.0.5 on Marie-laptop.local with PID 26430 (/Users/yiyuanshang/study/prototype_restful_api/target/classes started by yiyuanshang in /Users/yiyuanshang/study/prototype_restful_api)
[2021-07-03 18:31:06] -- [INFO ]: [com.athensoft.prototype.PrototypeRestfulApiApplication] -- No active profile set, falling back to default profiles: default
[2021-07-03 18:31:10] -- [INFO ]: [com.athensoft.prototype.PrototypeRestfulApiApplication] -- Started PrototypeRestfulApiApplication in 4.84 seconds (JVM running for 6.154)
[2021-07-03 18:33:47] -- [INFO ]: [com.athensoft.prototype.PrototypeRestfulApiApplication] -- Starting PrototypeRestfulApiApplication using Java 11.0.5 on Marie-laptop.local with PID 26430 (/Users/yiyuanshang/study/prototype_restful_api/target/classes started by yiyuanshang in /Users/yiyuanshang/study/prototype_restful_api)
[2021-07-03 18:33:47] -- [INFO ]: [com.athensoft.prototype.PrototypeRestfulApiApplication] -- No active profile set, falling back to default profiles: default
[2021-07-03 18:33:49] -- [INFO ]: [com.athensoft.prototype.PrototypeRestfulApiApplication] -- Started PrototypeRestfulApiApplication in 1.369 seconds (JVM running for 164.409)
[2021-07-03 18:38:20] -- [INFO ]: [com.athensoft.prototype.PrototypeRestfulApiApplication] -- Starting PrototypeRestfulApiApplication using Java 11.0.5 on Marie-laptop.local with PID 26550 (/Users/yiyuanshang/study/prototype_restful_api/target/classes started by yiyuanshang in /Users/yiyuanshang/study/prototype_restful_api)
[2021-07-03 18:38:20] -- [INFO ]: [com.athensoft.prototype.PrototypeRestfulApiApplication] -- No active profile set, falling back to default profiles: default
[2021-07-03 18:38:24] -- [INFO ]: [com.athensoft.prototype.PrototypeRestfulApiApplication] -- Started PrototypeRestfulApiApplication in 4.153 seconds (JVM running for 6.149)
[2021-07-03 18:39:54] -- [INFO ]: [com.athensoft.prototype.rest.controller.UserController] -- delete user by user id 15
[2021-07-03 18:39:57] -- [INFO ]: [com.athensoft.prototype.rest.controller.UserController] -- delete user by user id 4
[2021-07-03 18:41:31] -- [INFO ]: [com.athensoft.prototype.PrototypeRestfulApiApplication] -- Starting PrototypeRestfulApiApplication using Java 11.0.5 on Marie-laptop.local with PID 26550 (/Users/yiyuanshang/study/prototype_restful_api/target/classes started by yiyuanshang in /Users/yiyuanshang/study/prototype_restful_api)
[2021-07-03 18:41:32] -- [INFO ]: [com.athensoft.prototype.PrototypeRestfulApiApplication] -- No active profile set, falling back to default profiles: default
[2021-07-03 18:41:33] -- [INFO ]: [com.athensoft.prototype.PrototypeRestfulApiApplication] -- Started PrototypeRestfulApiApplication in 1.433 seconds (JVM running for 194.649)
[2021-07-03 18:41:42] -- [INFO ]: [com.athensoft.prototype.PrototypeRestfulApiApplication] -- Starting PrototypeRestfulApiApplication using Java 11.0.5 on Marie-laptop.local with PID 26550 (/Users/yiyuanshang/study/prototype_restful_api/target/classes started by yiyuanshang in /Users/yiyuanshang/study/prototype_restful_api)
[2021-07-03 18:41:42] -- [INFO ]: [com.athensoft.prototype.PrototypeRestfulApiApplication] -- No active profile set, falling back to default profiles: default
[2021-07-03 18:41:43] -- [INFO ]: [com.athensoft.prototype.PrototypeRestfulApiApplication] -- Started PrototypeRestfulApiApplication in 1.097 seconds (JVM running for 205.301)
[2021-07-03 18:42:21] -- [INFO ]: [com.athensoft.prototype.rest.controller.UserController] -- create user:User [userId=0, name=Lisa, age=46, membership=true, userStatus=null]
[2021-07-03 18:44:52] -- [INFO ]: [com.athensoft.prototype.PrototypeRestfulApiApplication] -- Starting PrototypeRestfulApiApplication using Java 11.0.5 on Marie-laptop.local with PID 26550 (/Users/yiyuanshang/study/prototype_restful_api/target/classes started by yiyuanshang in /Users/yiyuanshang/study/prototype_restful_api)
[2021-07-03 18:44:52] -- [INFO ]: [com.athensoft.prototype.PrototypeRestfulApiApplication] -- No active profile set, falling back to default profiles: default
[2021-07-03 18:44:53] -- [INFO ]: [com.athensoft.prototype.PrototypeRestfulApiApplication] -- Started PrototypeRestfulApiApplication in 1.463 seconds (JVM running for 395.027)
[2021-07-03 18:45:59] -- [INFO ]: [com.athensoft.prototype.rest.controller.UserController] -- create user:User [userId=0, name=Rose, age=51, membership=true, userStatus=null]
[2021-07-03 19:33:16] -- [INFO ]: [com.athensoft.prototype.PrototypeRestfulApiApplication] -- Starting PrototypeRestfulApiApplication using Java 11.0.5 on Marie-laptop.local with PID 27371 (/Users/yiyuanshang/study/prototype_restful_api/target/classes started by yiyuanshang in /Users/yiyuanshang/study/prototype_restful_api)
[2021-07-03 19:33:16] -- [INFO ]: [com.athensoft.prototype.PrototypeRestfulApiApplication] -- No active profile set, falling back to default profiles: default
[2021-07-03 19:33:20] -- [INFO ]: [com.athensoft.prototype.PrototypeRestfulApiApplication] -- Started PrototypeRestfulApiApplication in 4.515 seconds (JVM running for 5.662)
[2021-07-03 19:57:08] -- [INFO ]: [com.athensoft.prototype.rest.controller.UserController] -- update user:User [userId=14, name=Rose, age=52, membership=true, userStatus=DELETED]
[2021-07-03 19:57:16] -- [INFO ]: [com.athensoft.prototype.rest.controller.UserController] -- update user:User [userId=20, name=Rose, age=52, membership=true, userStatus=DELETED]
[2021-07-03 19:58:10] -- [INFO ]: [com.athensoft.prototype.rest.controller.UserController] -- update user:User [userId=27, name=Rose, age=52, membership=true, userStatus=DELETED]
[2021-07-03 19:59:23] -- [INFO ]: [com.athensoft.prototype.PrototypeRestfulApiApplication] -- Starting PrototypeRestfulApiApplication using Java 11.0.5 on Marie-laptop.local with PID 27371 (/Users/yiyuanshang/study/prototype_restful_api/target/classes started by yiyuanshang in /Users/yiyuanshang/study/prototype_restful_api)
[2021-07-03 19:59:23] -- [INFO ]: [com.athensoft.prototype.PrototypeRestfulApiApplication] -- No active profile set, falling back to default profiles: default
[2021-07-03 19:59:25] -- [INFO ]: [com.athensoft.prototype.PrototypeRestfulApiApplication] -- Started PrototypeRestfulApiApplication in 1.822 seconds (JVM running for 1570.567)
[2021-07-03 19:59:34] -- [INFO ]: [com.athensoft.prototype.rest.controller.UserController] -- update user:User [userId=27, name=Rose, age=52, membership=true, userStatus=DELETED]
[2021-07-03 20:01:01] -- [INFO ]: [com.athensoft.prototype.rest.controller.UserController] -- create user:User [userId=1, name=Rose, age=52, membership=true, userStatus=DELETED]
[2021-07-03 20:02:02] -- [INFO ]: [com.athensoft.prototype.rest.controller.UserController] -- create user:User [userId=1, name=Rose, age=52, membership=true, userStatus=DELETED]
[2021-07-03 20:02:34] -- [INFO ]: [com.athensoft.prototype.rest.controller.UserController] -- create user:User [userId=0, name=Doris, age=18, membership=true, userStatus=null]
[2021-07-03 20:04:13] -- [INFO ]: [com.athensoft.prototype.PrototypeRestfulApiApplication] -- Starting PrototypeRestfulApiApplication using Java 11.0.5 on Marie-laptop.local with PID 27371 (/Users/yiyuanshang/study/prototype_restful_api/target/classes started by yiyuanshang in /Users/yiyuanshang/study/prototype_restful_api)
[2021-07-03 20:04:13] -- [INFO ]: [com.athensoft.prototype.PrototypeRestfulApiApplication] -- No active profile set, falling back to default profiles: default
[2021-07-03 20:04:14] -- [INFO ]: [com.athensoft.prototype.PrototypeRestfulApiApplication] -- Started PrototypeRestfulApiApplication in 1.282 seconds (JVM running for 1859.82)
[2021-07-03 20:04:32] -- [INFO ]: [com.athensoft.prototype.rest.controller.UserController] -- create user:User [userId=0, name=Henry, age=19, membership=true, userStatus=null]
[2021-07-03 20:05:26] -- [INFO ]: [com.athensoft.prototype.rest.controller.UserController] -- delete user:User [userId=18, name=Henry, age=19, membership=true, userStatus=ACTIVE]
[2021-07-03 20:06:46] -- [INFO ]: [com.athensoft.prototype.rest.controller.UserController] -- delete user:User [userId=18, name=Henry, age=19, membership=true, userStatus=ACTIVE]
[2021-07-03 20:07:28] -- [INFO ]: [com.athensoft.prototype.rest.controller.UserController] -- delete user:User [userId=18, name=Henry, age=19, membership=true, userStatus=ACTIVE]
[2021-07-03 20:10:40] -- [INFO ]: [com.athensoft.prototype.PrototypeRestfulApiApplication] -- Starting PrototypeRestfulApiApplication using Java 11.0.5 on Marie-laptop.local with PID 27371 (/Users/yiyuanshang/study/prototype_restful_api/target/classes started by yiyuanshang in /Users/yiyuanshang/study/prototype_restful_api)
[2021-07-03 20:10:40] -- [INFO ]: [com.athensoft.prototype.PrototypeRestfulApiApplication] -- No active profile set, falling back to default profiles: default
[2021-07-03 20:10:41] -- [INFO ]: [com.athensoft.prototype.PrototypeRestfulApiApplication] -- Started PrototypeRestfulApiApplication in 1.198 seconds (JVM running for 2246.815)
